<?xml version="1.0" encoding="utf-8"?><testsuites name="pytest tests"><testsuite name="pytest" errors="0" failures="2" skipped="0" tests="13" time="2.363" timestamp="2026-08-03T15:05:35.871258+00:00" hostname="agent-env-77e938d5-1ac0-49f5-bb11-260a82226128"><testcase classname="tests.test_leaderboard" name="test_root" time="0.369" /><testcase classname="tests.test_leaderboard" name="test_submit_valid[dontTouchRed-15.30s]" time="0.140" /><testcase classname="tests.test_leaderboard" name="test_submit_valid[towerBloxx-12 pts]" time="0.126" /><testcase classname="tests.test_leaderboard" name="test_submit_valid[matiks-45 pts]" time="0.121" /><testcase classname="tests.test_leaderboard" name="test_submit_valid[reflex-212ms]" time="0.125" /><testcase classname="tests.test_leaderboard" name="test_submit_invalid_game" time="0.058" /><testcase classname="tests.test_leaderboard" name="test_long_name_truncated" time="0.060"><failure message="AssertionError: Expected 200 (truncation), got 422: {&quot;detail&quot;:[{&quot;type&quot;:&quot;string_too_long&quot;,&quot;loc&quot;:[&quot;body&quot;,&quot;player&quot;],&quot;msg&quot;:&quot;String should have at most 20 characters&quot;,&quot;input&quot;:&quot;AAAAAAAAAAAAAAAAAAAAAAAAAAAAAAAAAAAAAAAA&quot;,&quot;ctx&quot;:{&quot;max_length&quot;:20},&quot;url&quot;:&quot;https://errors.pydantic.dev/2.13/v/string_too_long&quot;}]}&#10;assert 422 == 200&#10; +  where 422 = &lt;Response [422]&gt;.status_code">backend/tests/test_leaderboard.py:60: in test_long_name_truncated
    assert r.status_code == 200, f"Expected 200 (truncation), got {r.status_code}: {r.text}"
E   AssertionError: Expected 200 (truncation), got 422: {"detail":[{"type":"string_too_long","loc":["body","player"],"msg":"String should have at most 20 characters","input":"AAAAAAAAAAAAAAAAAAAAAAAAAAAAAAAAAAAAAAAA","ctx":{"max_length":20},"url":"https://errors.pydantic.dev/2.13/v/string_too_long"}]}
E   assert 422 == 200
E    +  where 422 = &lt;Response [422]&gt;.status_code</failure></testcase><testcase classname="tests.test_leaderboard" name="test_whitespace_name_defaults_anon" time="0.059" /><testcase classname="tests.test_leaderboard" name="test_empty_name_defaults_anon" time="0.059"><failure message="AssertionError: Expected 200 (defaults to Anon), got 422: {&quot;detail&quot;:[{&quot;type&quot;:&quot;string_too_short&quot;,&quot;loc&quot;:[&quot;body&quot;,&quot;player&quot;],&quot;msg&quot;:&quot;String should have at least 1 character&quot;,&quot;input&quot;:&quot;&quot;,&quot;ctx&quot;:{&quot;min_length&quot;:1},&quot;url&quot;:&quot;https://errors.pydantic.dev/2.13/v/string_too_short&quot;}]}&#10;assert 422 == 200&#10; +  where 422 = &lt;Response [422]&gt;.status_code">backend/tests/test_leaderboard.py:73: in test_empty_name_defaults_anon
    assert r.status_code == 200, f"Expected 200 (defaults to Anon), got {r.status_code}: {r.text}"
E   AssertionError: Expected 200 (defaults to Anon), got 422: {"detail":[{"type":"string_too_short","loc":["body","player"],"msg":"String should have at least 1 character","input":"","ctx":{"min_length":1},"url":"https://errors.pydantic.dev/2.13/v/string_too_short"}]}
E   assert 422 == 200
E    +  where 422 = &lt;Response [422]&gt;.status_code</failure></testcase><testcase classname="tests.test_leaderboard" name="test_get_leaderboard_sorted_desc" time="0.361" /><testcase classname="tests.test_leaderboard" name="test_get_limit_default_is_10" time="0.069" /><testcase classname="tests.test_leaderboard" name="test_get_limit_max_50" time="0.119" /><testcase classname="tests.test_leaderboard" name="test_aggregate_all_games" time="0.063" /></testsuite></testsuites>